  Date.cpp
  Guest.cpp
  HotelManager.cpp
C:\Users\karim\OneDrive\Documents\computer_engineering\fall_2019\COEN_244\assignments\assignment2\assignment_2\HotelManager.h(22,20): error C2059:  syntax error: '.'
C:\Users\karim\OneDrive\Documents\computer_engineering\fall_2019\COEN_244\assignments\assignment2\assignment_2\HotelManager.h(23,16): error C2238:  unexpected token(s) preceding ';'
C:\Users\karim\OneDrive\Documents\computer_engineering\fall_2019\COEN_244\assignments\assignment2\assignment_2\HotelManager.h(25,20): error C2143:  syntax error: missing ';' before '*'
C:\Users\karim\OneDrive\Documents\computer_engineering\fall_2019\COEN_244\assignments\assignment2\assignment_2\HotelManager.h(25,20): error C4430:  missing type specifier - int assumed. Note: C++ does not support default-int
C:\Users\karim\OneDrive\Documents\computer_engineering\fall_2019\COEN_244\assignments\assignment2\assignment_2\HotelManager.h(25,36): error C2238:  unexpected token(s) preceding ';'
C:\Users\karim\OneDrive\Documents\computer_engineering\fall_2019\COEN_244\assignments\assignment2\assignment_2\HotelManager.h(26,7): error C2039:  'vector': is not a member of 'std'
C:\Program Files (x86)\Microsoft Visual Studio\2019\Community\VC\Tools\MSVC\14.21.27702\include\string(19): message :  see declaration of 'std'
C:\Users\karim\OneDrive\Documents\computer_engineering\fall_2019\COEN_244\assignments\assignment2\assignment_2\HotelManager.h(26,13): error C2143:  syntax error: missing ';' before '<'
C:\Users\karim\OneDrive\Documents\computer_engineering\fall_2019\COEN_244\assignments\assignment2\assignment_2\HotelManager.h(26,13): error C4430:  missing type specifier - int assumed. Note: C++ does not support default-int
C:\Users\karim\OneDrive\Documents\computer_engineering\fall_2019\COEN_244\assignments\assignment2\assignment_2\HotelManager.h(26,46): error C2238:  unexpected token(s) preceding ';'
C:\Users\karim\OneDrive\Documents\computer_engineering\fall_2019\COEN_244\assignments\assignment2\assignment_2\HotelManager.cpp(7,2): error C2065:  'm_rooms': undeclared identifier
C:\Users\karim\OneDrive\Documents\computer_engineering\fall_2019\COEN_244\assignments\assignment2\assignment_2\HotelManager.cpp(13,4): error C2065:  'm_rooms': undeclared identifier
C:\Users\karim\OneDrive\Documents\computer_engineering\fall_2019\COEN_244\assignments\assignment2\assignment_2\HotelManager.cpp(16,4): error C2065:  'm_rooms': undeclared identifier
C:\Users\karim\OneDrive\Documents\computer_engineering\fall_2019\COEN_244\assignments\assignment2\assignment_2\HotelManager.cpp(25,38): error C2065:  'ReservationRequest': undeclared identifier
C:\Users\karim\OneDrive\Documents\computer_engineering\fall_2019\COEN_244\assignments\assignment2\assignment_2\HotelManager.cpp(25,58): error C2065:  'reservtionRequest': undeclared identifier
C:\Users\karim\OneDrive\Documents\computer_engineering\fall_2019\COEN_244\assignments\assignment2\assignment_2\HotelManager.cpp(25,75): error C2761:  'int HotelManager::ProcessReservation(ReservtionRequest *)': redeclaration of member is not allowed
C:\Users\karim\OneDrive\Documents\computer_engineering\fall_2019\COEN_244\assignments\assignment2\assignment_2\HotelManager.cpp(26,1): error C2448:  'HotelManager::ProcessReservation': function-style initializer appears to be a function definition
C:\Users\karim\OneDrive\Documents\computer_engineering\fall_2019\COEN_244\assignments\assignment2\assignment_2\HotelManager.cpp(44,22): error C2065:  'm_reservations': undeclared identifier
C:\Users\karim\OneDrive\Documents\computer_engineering\fall_2019\COEN_244\assignments\assignment2\assignment_2\HotelManager.cpp(46,7): error C2065:  'm_reservations': undeclared identifier
C:\Users\karim\OneDrive\Documents\computer_engineering\fall_2019\COEN_244\assignments\assignment2\assignment_2\HotelManager.cpp(54,25): error C2065:  'reservations': undeclared identifier
C:\Users\karim\OneDrive\Documents\computer_engineering\fall_2019\COEN_244\assignments\assignment2\assignment_2\HotelManager.cpp(55,2): error C3312:  no callable 'begin' function found for type 'unknown-type'
C:\Users\karim\OneDrive\Documents\computer_engineering\fall_2019\COEN_244\assignments\assignment2\assignment_2\HotelManager.cpp(55,2): error C3312:  no callable 'end' function found for type 'unknown-type'
C:\Users\karim\OneDrive\Documents\computer_engineering\fall_2019\COEN_244\assignments\assignment2\assignment_2\HotelManager.cpp(56,7): error C2065:  'res': undeclared identifier
C:\Users\karim\OneDrive\Documents\computer_engineering\fall_2019\COEN_244\assignments\assignment2\assignment_2\HotelManager.cpp(58,19): error C2065:  'res': undeclared identifier
C:\Users\karim\OneDrive\Documents\computer_engineering\fall_2019\COEN_244\assignments\assignment2\assignment_2\HotelManager.cpp(59,23): error C2065:  'res': undeclared identifier
C:\Users\karim\OneDrive\Documents\computer_engineering\fall_2019\COEN_244\assignments\assignment2\assignment_2\HotelManager.cpp(60,24): error C2065:  'res': undeclared identifier
C:\Users\karim\OneDrive\Documents\computer_engineering\fall_2019\COEN_244\assignments\assignment2\assignment_2\HotelManager.cpp(61,39): error C2065:  'res': undeclared identifier
C:\Users\karim\OneDrive\Documents\computer_engineering\fall_2019\COEN_244\assignments\assignment2\assignment_2\HotelManager.cpp(62,35): error C2065:  'res': undeclared identifier
C:\Users\karim\OneDrive\Documents\computer_engineering\fall_2019\COEN_244\assignments\assignment2\assignment_2\HotelManager.cpp(63,48): error C3536:  'resDate': cannot be used before it is initialized
C:\Users\karim\OneDrive\Documents\computer_engineering\fall_2019\COEN_244\assignments\assignment2\assignment_2\HotelManager.cpp(64,49): error C3536:  'checkInDate': cannot be used before it is initialized
C:\Users\karim\OneDrive\Documents\computer_engineering\fall_2019\COEN_244\assignments\assignment2\assignment_2\HotelManager.cpp(65,51): error C3536:  'checkOutDate': cannot be used before it is initialized
C:\Users\karim\OneDrive\Documents\computer_engineering\fall_2019\COEN_244\assignments\assignment2\assignment_2\HotelManager.cpp(66,36): error C2065:  'res': undeclared identifier
C:\Users\karim\OneDrive\Documents\computer_engineering\fall_2019\COEN_244\assignments\assignment2\assignment_2\HotelManager.cpp(73,25): error C2065:  'reservations': undeclared identifier
C:\Users\karim\OneDrive\Documents\computer_engineering\fall_2019\COEN_244\assignments\assignment2\assignment_2\HotelManager.cpp(74,2): error C3312:  no callable 'begin' function found for type 'unknown-type'
C:\Users\karim\OneDrive\Documents\computer_engineering\fall_2019\COEN_244\assignments\assignment2\assignment_2\HotelManager.cpp(74,2): error C3312:  no callable 'end' function found for type 'unknown-type'
C:\Users\karim\OneDrive\Documents\computer_engineering\fall_2019\COEN_244\assignments\assignment2\assignment_2\HotelManager.cpp(75,7): error C2065:  'res': undeclared identifier
C:\Users\karim\OneDrive\Documents\computer_engineering\fall_2019\COEN_244\assignments\assignment2\assignment_2\HotelManager.cpp(77,4): error C2065:  'rooms': undeclared identifier
C:\Users\karim\OneDrive\Documents\computer_engineering\fall_2019\COEN_244\assignments\assignment2\assignment_2\HotelManager.cpp(77,10): error C2065:  'res': undeclared identifier
C:\Users\karim\OneDrive\Documents\computer_engineering\fall_2019\COEN_244\assignments\assignment2\assignment_2\HotelManager.cpp(86,25): error C2065:  'hotelSize': undeclared identifier
C:\Users\karim\OneDrive\Documents\computer_engineering\fall_2019\COEN_244\assignments\assignment2\assignment_2\HotelManager.cpp(88,7): error C2065:  'rooms': undeclared identifier
  ReservationRequest.cpp
  Room.cpp
C:\Users\karim\OneDrive\Documents\computer_engineering\fall_2019\COEN_244\assignments\assignment2\assignment_2\HotelManager.cpp(90,8): error C2065:  'rooms': undeclared identifier
C:\Users\karim\OneDrive\Documents\computer_engineering\fall_2019\COEN_244\assignments\assignment2\assignment_2\Room.cpp(4,10): error C2065:  'noOfBeds': undeclared identifier
C:\Users\karim\OneDrive\Documents\computer_engineering\fall_2019\COEN_244\assignments\assignment2\assignment_2\Room.cpp(4,32): error C2065:  'roomNumber': undeclared identifier
C:\Users\karim\OneDrive\Documents\computer_engineering\fall_2019\COEN_244\assignments\assignment2\assignment_2\Room.cpp(4,2): error C2614:  'Room': illegal member initialization: 'noOfBed' is not a base or member
C:\Users\karim\OneDrive\Documents\computer_engineering\fall_2019\COEN_244\assignments\assignment2\assignment_2\Room.cpp(4,21): error C2614:  'Room': illegal member initialization: 'roomNumber' is not a base or member
C:\Users\karim\OneDrive\Documents\computer_engineering\fall_2019\COEN_244\assignments\assignment2\assignment_2\Room.cpp(12,11): error C2039:  'GetNoOfBed': is not a member of 'Room'
C:\Users\karim\OneDrive\Documents\computer_engineering\fall_2019\COEN_244\assignments\assignment2\assignment_2\Room.h(7): message :  see declaration of 'Room'
C:\Users\karim\OneDrive\Documents\computer_engineering\fall_2019\COEN_244\assignments\assignment2\assignment_2\Room.cpp(14,9): error C2065:  'noOfBed': undeclared identifier
C:\Users\karim\OneDrive\Documents\computer_engineering\fall_2019\COEN_244\assignments\assignment2\assignment_2\Room.cpp(17,11): error C2039:  'GetRoomAvailability': is not a member of 'Room'
C:\Users\karim\OneDrive\Documents\computer_engineering\fall_2019\COEN_244\assignments\assignment2\assignment_2\Room.h(7): message :  see declaration of 'Room'
C:\Users\karim\OneDrive\Documents\computer_engineering\fall_2019\COEN_244\assignments\assignment2\assignment_2\Room.cpp(19,9): error C2065:  'roomAvailability': undeclared identifier
C:\Users\karim\OneDrive\Documents\computer_engineering\fall_2019\COEN_244\assignments\assignment2\assignment_2\Room.cpp(19,39): error C2039:  'GetMonth': is not a member of 'Date'
C:\Users\karim\OneDrive\Documents\computer_engineering\fall_2019\COEN_244\assignments\assignment2\assignment_2\Date.h(6): message :  see declaration of 'Date'
C:\Users\karim\OneDrive\Documents\computer_engineering\fall_2019\COEN_244\assignments\assignment2\assignment_2\Room.cpp(19,54): error C2039:  'GetDay': is not a member of 'Date'
C:\Users\karim\OneDrive\Documents\computer_engineering\fall_2019\COEN_244\assignments\assignment2\assignment_2\Date.h(6): message :  see declaration of 'Date'
C:\Users\karim\OneDrive\Documents\computer_engineering\fall_2019\COEN_244\assignments\assignment2\assignment_2\Room.cpp(22,11): error C2039:  'GetRoomNumber': is not a member of 'Room'
C:\Users\karim\OneDrive\Documents\computer_engineering\fall_2019\COEN_244\assignments\assignment2\assignment_2\Room.h(7): message :  see declaration of 'Room'
C:\Users\karim\OneDrive\Documents\computer_engineering\fall_2019\COEN_244\assignments\assignment2\assignment_2\Room.cpp(24,9): error C2065:  'roomNumber': undeclared identifier
C:\Users\karim\OneDrive\Documents\computer_engineering\fall_2019\COEN_244\assignments\assignment2\assignment_2\Room.cpp(27,12): error C2039:  'BookRoom': is not a member of 'Room'
C:\Users\karim\OneDrive\Documents\computer_engineering\fall_2019\COEN_244\assignments\assignment2\assignment_2\Room.h(7): message :  see declaration of 'Room'
C:\Users\karim\OneDrive\Documents\computer_engineering\fall_2019\COEN_244\assignments\assignment2\assignment_2\Room.cpp(29,2): error C2065:  'roomAvailability': undeclared identifier
C:\Users\karim\OneDrive\Documents\computer_engineering\fall_2019\COEN_244\assignments\assignment2\assignment_2\Room.cpp(29,32): error C2039:  'GetMonth': is not a member of 'Date'
C:\Users\karim\OneDrive\Documents\computer_engineering\fall_2019\COEN_244\assignments\assignment2\assignment_2\Date.h(6): message :  see declaration of 'Date'
C:\Users\karim\OneDrive\Documents\computer_engineering\fall_2019\COEN_244\assignments\assignment2\assignment_2\Room.cpp(29,47): error C2039:  'GetDay': is not a member of 'Date'
C:\Users\karim\OneDrive\Documents\computer_engineering\fall_2019\COEN_244\assignments\assignment2\assignment_2\Date.h(6): message :  see declaration of 'Date'
C:\Users\karim\OneDrive\Documents\computer_engineering\fall_2019\COEN_244\assignments\assignment2\assignment_2\Room.cpp(32,12): error C2039:  'CancelRoom': is not a member of 'Room'
C:\Users\karim\OneDrive\Documents\computer_engineering\fall_2019\COEN_244\assignments\assignment2\assignment_2\Room.h(7): message :  see declaration of 'Room'
C:\Users\karim\OneDrive\Documents\computer_engineering\fall_2019\COEN_244\assignments\assignment2\assignment_2\Room.cpp(34,2): error C2065:  'roomAvailability': undeclared identifier
C:\Users\karim\OneDrive\Documents\computer_engineering\fall_2019\COEN_244\assignments\assignment2\assignment_2\Room.cpp(34,32): error C2039:  'GetMonth': is not a member of 'Date'
C:\Users\karim\OneDrive\Documents\computer_engineering\fall_2019\COEN_244\assignments\assignment2\assignment_2\Date.h(6): message :  see declaration of 'Date'
C:\Users\karim\OneDrive\Documents\computer_engineering\fall_2019\COEN_244\assignments\assignment2\assignment_2\Room.cpp(34,47): error C2039:  'GetDay': is not a member of 'Date'
  Main.cpp
C:\Users\karim\OneDrive\Documents\computer_engineering\fall_2019\COEN_244\assignments\assignment2\assignment_2\Date.h(6): message :  see declaration of 'Date'
C:\Users\karim\OneDrive\Documents\computer_engineering\fall_2019\COEN_244\assignments\assignment2\assignment_2\Main.cpp(12,2): error C2065:  'HotelManager': undeclared identifier
C:\Users\karim\OneDrive\Documents\computer_engineering\fall_2019\COEN_244\assignments\assignment2\assignment_2\Main.cpp(12,15): error C2146:  syntax error: missing ';' before identifier 'hotelManager'
C:\Users\karim\OneDrive\Documents\computer_engineering\fall_2019\COEN_244\assignments\assignment2\assignment_2\Main.cpp(12,15): error C3861:  'hotelManager': identifier not found
C:\Users\karim\OneDrive\Documents\computer_engineering\fall_2019\COEN_244\assignments\assignment2\assignment_2\Main.cpp(20,2): error C2065:  'ReservtionRequest': undeclared identifier
C:\Users\karim\OneDrive\Documents\computer_engineering\fall_2019\COEN_244\assignments\assignment2\assignment_2\Main.cpp(20,21): error C2065:  'resRequest': undeclared identifier
C:\Users\karim\OneDrive\Documents\computer_engineering\fall_2019\COEN_244\assignments\assignment2\assignment_2\Main.cpp(20,55): error C2061:  syntax error: identifier 'ReservtionRequest'
C:\Users\karim\OneDrive\Documents\computer_engineering\fall_2019\COEN_244\assignments\assignment2\assignment_2\Main.cpp(23,2): error C2065:  'hotelManager': undeclared identifier
C:\Users\karim\OneDrive\Documents\computer_engineering\fall_2019\COEN_244\assignments\assignment2\assignment_2\Main.cpp(23,34): error C2065:  'resRequest': undeclared identifier
C:\Users\karim\OneDrive\Documents\computer_engineering\fall_2019\COEN_244\assignments\assignment2\assignment_2\Main.cpp(25,2): error C2065:  'hotelManager': undeclared identifier
C:\Users\karim\OneDrive\Documents\computer_engineering\fall_2019\COEN_244\assignments\assignment2\assignment_2\Main.cpp(25,34): error C2065:  'resRequest': undeclared identifier
C:\Users\karim\OneDrive\Documents\computer_engineering\fall_2019\COEN_244\assignments\assignment2\assignment_2\Main.cpp(27,2): error C2065:  'hotelManager': undeclared identifier
C:\Users\karim\OneDrive\Documents\computer_engineering\fall_2019\COEN_244\assignments\assignment2\assignment_2\Main.cpp(28,2): error C2065:  'hotelManager': undeclared identifier
C:\Users\karim\OneDrive\Documents\computer_engineering\fall_2019\COEN_244\assignments\assignment2\assignment_2\Main.cpp(32,9): error C2065:  'resRequest': undeclared identifier
  Generating Code...
C:\Users\karim\OneDrive\Documents\computer_engineering\fall_2019\COEN_244\assignments\assignment2\assignment_2\Main.cpp(32,19): error C2541:  'delete': cannot delete objects that are not pointers
C:\Users\karim\OneDrive\Documents\computer_engineering\fall_2019\COEN_244\assignments\assignment2\assignment_2\Main.cpp(32,19): error C2541: C:\Users\karim\OneDrive\Documents\computer_engineering\fall_2019\COEN_244\assignments\assignment2\assignment_2\ReservationRequest.cpp : fatal error C1090: PDB API call failed, error code '3': C:\Users\karim\OneDrive\Documents\computer_engineering\fall_2019\COEN_244\assignments\assignment2\assignment_2\Debug\vc142.pdb
